<?xml version="1.0" encoding="UTF-8"?>
<!-- Generated by org.testng.reporters.JUnitReportReporter -->
<testsuite hostname="DESKTOP-OEE7BVT" failures="0" tests="1" name="Maps" time="11.943" errors="0" timestamp="2022-07-24T14:16:12 IST" skipped="0">
  <testcase classname="Maps" name="search" time="11.943"/>
  <system-out/>
</testsuite> <!-- Maps -->
