<?xml version="1.0" encoding="UTF-8"?>
<!-- Generated by org.testng.reporters.JUnitReportReporter -->
<testsuite hostname="DESKTOP-OEE7BVT" failures="0" tests="1" name="flipkart" time="20.145" errors="0" timestamp="2022-07-25T10:48:31 IST" skipped="0">
  <testcase classname="flipkart" name="performActions" time="20.145"/>
  <system-out/>
</testsuite> <!-- flipkart -->
