<?xml version="1.0" encoding="UTF-8"?>
<!-- Generated by org.testng.reporters.JUnitReportReporter -->
<testsuite hostname="DESKTOP-OEE7BVT" failures="0" tests="1" name="com.here.testcases.Assignment2" time="37.891" errors="0" timestamp="2022-07-25T11:06:01 IST" skipped="0">
  <testcase classname="com.here.testcases.Assignment2" name="movie" time="37.891"/>
  <system-out/>
</testsuite> <!-- com.here.testcases.Assignment2 -->
