<?xml version="1.0" encoding="UTF-8"?>
<!-- Generated by org.testng.reporters.JUnitReportReporter -->
<testsuite hostname="DESKTOP-OEE7BVT" failures="0" tests="1" name="com.here.testcases.searchMapInformation" time="9.322" errors="0" timestamp="2022-07-25T11:06:01 IST" skipped="0">
  <testcase classname="com.here.testcases.searchMapInformation" name="searchingLocation" time="9.322"/>
  <system-out/>
</testsuite> <!-- com.here.testcases.searchMapInformation -->
